#
# There is insufficient memory for the Java Runtime Environment to continue.
# Native memory allocation (mmap) failed to map 13631488 bytes for G1 virtual space
# Possible reasons:
#   The system is out of physical RAM or swap space
#   The process is running with CompressedOops enabled, and the Java Heap may be blocking the growth of the native heap
# Possible solutions:
#   Reduce memory load on the system
#   Increase physical memory or swap space
#   Check if swap backing store is full
#   Decrease Java heap size (-Xmx/-Xms)
#   Decrease number of Java threads
#   Decrease Java thread stack sizes (-Xss)
#   Set larger code cache with -XX:ReservedCodeCacheSize=
#   JVM is running with Unscaled Compressed Oops mode in which the Java heap is
#     placed in the first 4GB address space. The Java Heap base address is the
#     maximum limit for the native heap growth. Please use -XX:HeapBaseMinAddress
#     to set the Java Heap base and to place the Java Heap above 4GB virtual address.
# This output file may be truncated or incomplete.
#
#  Out of Memory Error (os_windows.cpp:3613), pid=34584, tid=26744
#
# JRE version: OpenJDK Runtime Environment Temurin-17.0.10+7 (17.0.10+7) (build 17.0.10+7)
# Java VM: OpenJDK 64-Bit Server VM Temurin-17.0.10+7 (17.0.10+7, mixed mode, emulated-client, tiered, compressed oops, compressed class ptrs, g1 gc, windows-amd64)
# No core dump will be written. Minidumps are not enabled by default on client versions of Windows
#

---------------  S U M M A R Y ------------

Command Line: -Dcom.sun.management.jmxremote -Dcom.sun.management.jmxremote.port=64997 -Dcom.sun.management.jmxremote.authenticate=false -Dcom.sun.management.jmxremote.ssl=false -Djava.rmi.server.hostname=localhost -Dspring.jmx.enabled=true -Dmanagement.endpoints.jmx.exposure.include=* -Dspring.application.admin.enabled=true -XX:TieredStopAtLevel=1 -Dspring.boot.project.name=Java_CampusTrack_Intelligent_Lost_Found_Locator -Dfile.encoding=UTF-8 -Dstdout.encoding=UTF-8 -Dstderr.encoding=UTF-8 -XX:+ShowCodeDetailsInExceptionMessages com.campusTrack.JavaCampusTrackIntelligentLostFoundLocatorApplication --spring.output.ansi.enabled=always

Host: AMD Ryzen 5 5500U with Radeon Graphics         , 12 cores, 7G,  Windows 11 , 64 bit Build 26100 (10.0.26100.7309)
Time: Thu Jan  8 14:54:59 2026 India Standard Time elapsed time: 10.161636 seconds (0d 0h 0m 10s)

---------------  T H R E A D  ---------------

Current thread (0x00000241e8116770):  VMThread "VM Thread" [stack: 0x0000004e55d00000,0x0000004e55e00000] [id=26744]

Stack: [0x0000004e55d00000,0x0000004e55e00000]
Native frames: (J=compiled Java code, j=interpreted, Vv=VM code, C=native code)
V  [jvm.dll+0x67d2c9]
V  [jvm.dll+0x834afa]
V  [jvm.dll+0x8365be]
V  [jvm.dll+0x836c23]
V  [jvm.dll+0x2477ff]
V  [jvm.dll+0x67a109]
V  [jvm.dll+0x66eb7a]
V  [jvm.dll+0x30764b]
V  [jvm.dll+0x30eaf6]
V  [jvm.dll+0x35e83e]
V  [jvm.dll+0x35ea6f]
V  [jvm.dll+0x2de248]
V  [jvm.dll+0x2dc424]
V  [jvm.dll+0x2dba2c]
V  [jvm.dll+0x31faeb]
V  [jvm.dll+0x83b11b]
V  [jvm.dll+0x83be61]
V  [jvm.dll+0x83c37d]
V  [jvm.dll+0x83c754]
V  [jvm.dll+0x83c820]
V  [jvm.dll+0x7e3fba]
V  [jvm.dll+0x67c1b5]
C  [ucrtbase.dll+0x37b0]
C  [KERNEL32.DLL+0x2e8d7]
C  [ntdll.dll+0x8c53c]

VM_Operation (0x0000004e557f97b0): G1CollectForAllocation, mode: safepoint, requested by thread 0x00000241da428240


---------------  P R O C E S S  ---------------

Threads class SMR info:
_java_thread_list=0x00000241ed95d0c0, length=27, elements={
0x00000241da428240, 0x00000241e811ccd0, 0x00000241e811d5a0, 0x00000241e815a5e0,
0x00000241e815aeb0, 0x00000241e8169ff0, 0x00000241e816c8d0, 0x00000241e81706a0,
0x00000241e8170fb0, 0x00000241e80a35b0, 0x00000241e8308010, 0x00000241e836f480,
0x00000241e8a2f9d0, 0x00000241e8a3b1b0, 0x00000241e8a428d0, 0x00000241e8a21f30,
0x00000241e8ab1cf0, 0x00000241e8ac0a80, 0x00000241e8ba04b0, 0x00000241ed5977a0,
0x00000241ed8eb960, 0x00000241e8ba2d30, 0x00000241e8ba09c0, 0x00000241e8ba1e00,
0x00000241e8ba0ed0, 0x00000241e8ba2310, 0x00000241e8ba3240
}

Java Threads: ( => current thread )
  0x00000241da428240 JavaThread "main" [_thread_blocked, id=16492, stack(0x0000004e55700000,0x0000004e55800000)]
  0x00000241e811ccd0 JavaThread "Reference Handler" daemon [_thread_blocked, id=35140, stack(0x0000004e55e00000,0x0000004e55f00000)]
  0x00000241e811d5a0 JavaThread "Finalizer" daemon [_thread_blocked, id=23740, stack(0x0000004e55f00000,0x0000004e56000000)]
  0x00000241e815a5e0 JavaThread "Signal Dispatcher" daemon [_thread_blocked, id=37660, stack(0x0000004e56000000,0x0000004e56100000)]
  0x00000241e815aeb0 JavaThread "Attach Listener" daemon [_thread_blocked, id=18012, stack(0x0000004e56100000,0x0000004e56200000)]
  0x00000241e8169ff0 JavaThread "Service Thread" daemon [_thread_blocked, id=23668, stack(0x0000004e56200000,0x0000004e56300000)]
  0x00000241e816c8d0 JavaThread "Monitor Deflation Thread" daemon [_thread_blocked, id=30164, stack(0x0000004e56300000,0x0000004e56400000)]
  0x00000241e81706a0 JavaThread "C1 CompilerThread0" daemon [_thread_blocked, id=28820, stack(0x0000004e56400000,0x0000004e56500000)]
  0x00000241e8170fb0 JavaThread "Sweeper thread" daemon [_thread_blocked, id=31448, stack(0x0000004e56500000,0x0000004e56600000)]
  0x00000241e80a35b0 JavaThread "Common-Cleaner" daemon [_thread_blocked, id=37432, stack(0x0000004e56600000,0x0000004e56700000)]
  0x00000241e8308010 JavaThread "C1 CompilerThread1" daemon [_thread_blocked, id=13436, stack(0x0000004e56700000,0x0000004e56800000)]
  0x00000241e836f480 JavaThread "Notification Thread" daemon [_thread_blocked, id=35208, stack(0x0000004e56800000,0x0000004e56900000)]
  0x00000241e8a2f9d0 JavaThread "RMI TCP Accept-0" daemon [_thread_in_native, id=11780, stack(0x0000004e56900000,0x0000004e56a00000)]
  0x00000241e8a3b1b0 JavaThread "RMI TCP Accept-64997" daemon [_thread_in_native, id=7324, stack(0x0000004e56a00000,0x0000004e56b00000)]
  0x00000241e8a428d0 JavaThread "RMI TCP Connection(1)-127.0.0.1" daemon [_thread_in_native, id=11060, stack(0x0000004e56b00000,0x0000004e56c00000)]
  0x00000241e8a21f30 JavaThread "RMI TCP Accept-0" daemon [_thread_in_native, id=19788, stack(0x0000004e56c00000,0x0000004e56d00000)]
  0x00000241e8ab1cf0 JavaThread "RMI Scheduler(0)" daemon [_thread_blocked, id=17128, stack(0x0000004e56e00000,0x0000004e56f00000)]
  0x00000241e8ac0a80 JavaThread "RMI TCP Connection(2)-127.0.0.1" daemon [_thread_blocked, id=3992, stack(0x0000004e56f00000,0x0000004e57000000)]
  0x00000241e8ba04b0 JavaThread "JMX server connection timeout 22" daemon [_thread_blocked, id=1432, stack(0x0000004e57000000,0x0000004e57100000)]
  0x00000241ed5977a0 JavaThread "C1 CompilerThread2" daemon [_thread_blocked, id=34900, stack(0x0000004e57b00000,0x0000004e57c00000)]
  0x00000241ed8eb960 JavaThread "C1 CompilerThread3" daemon [_thread_blocked, id=27876, stack(0x0000004e57f00000,0x0000004e58000000)]
  0x00000241e8ba2d30 JavaThread "Catalina-utility-1" [_thread_blocked, id=26424, stack(0x0000004e57a00000,0x0000004e57b00000)]
  0x00000241e8ba09c0 JavaThread "Catalina-utility-2" [_thread_blocked, id=10248, stack(0x0000004e58000000,0x0000004e58100000)]
  0x00000241e8ba1e00 JavaThread "container-0" [_thread_blocked, id=11428, stack(0x0000004e58100000,0x0000004e58200000)]
  0x00000241e8ba0ed0 JavaThread "mysql-cj-abandoned-connection-cleanup" daemon [_thread_blocked, id=14288, stack(0x0000004e58200000,0x0000004e58300000)]
  0x00000241e8ba2310 JavaThread "HikariPool-1 housekeeper" daemon [_thread_blocked, id=36684, stack(0x0000004e58400000,0x0000004e58500000)]
  0x00000241e8ba3240 JavaThread "HikariPool-1 connection adder" daemon [_thread_blocked, id=28196, stack(0x0000004e58500000,0x0000004e58600000)]

Other Threads:
=>0x00000241e8116770 VMThread "VM Thread" [stack: 0x0000004e55d00000,0x0000004e55e00000] [id=26744]
  0x00000241e8a22c20 WatcherThread [stack: 0x0000004e56d00000,0x0000004e56e00000] [id=20736]
  0x00000241da480f70 GCTaskThread "GC Thread#0" [stack: 0x0000004e55800000,0x0000004e55900000] [id=29908]
  0x00000241ed4351f0 GCTaskThread "GC Thread#1" [stack: 0x0000004e57100000,0x0000004e57200000] [id=11892]
  0x00000241ed464a50 GCTaskThread "GC Thread#2" [stack: 0x0000004e57200000,0x0000004e57300000] [id=30684]
  0x00000241ed464d10 GCTaskThread "GC Thread#3" [stack: 0x0000004e57300000,0x0000004e57400000] [id=4344]
  0x00000241ed42cb10 GCTaskThread "GC Thread#4" [stack: 0x0000004e57400000,0x0000004e57500000] [id=13752]
  0x00000241ed43a250 GCTaskThread "GC Thread#5" [stack: 0x0000004e57500000,0x0000004e57600000] [id=27976]
  0x00000241ed42cdd0 GCTaskThread "GC Thread#6" [stack: 0x0000004e57600000,0x0000004e57700000] [id=7980]
  0x00000241ed466c00 GCTaskThread "GC Thread#7" [stack: 0x0000004e57700000,0x0000004e57800000] [id=21340]
  0x00000241ed4674d0 GCTaskThread "GC Thread#8" [stack: 0x0000004e57800000,0x0000004e57900000] [id=7152]
  0x00000241ed6bbec0 GCTaskThread "GC Thread#9" [stack: 0x0000004e57c00000,0x0000004e57d00000] [id=21332]
  0x00000241da490950 ConcurrentGCThread "G1 Main Marker" [stack: 0x0000004e55900000,0x0000004e55a00000] [id=32856]
  0x00000241da493610 ConcurrentGCThread "G1 Conc#0" [stack: 0x0000004e55a00000,0x0000004e55b00000] [id=23268]
  0x00000241ed52dc30 ConcurrentGCThread "G1 Conc#1" [stack: 0x0000004e57d00000,0x0000004e57e00000] [id=33692]
  0x00000241ed6cebd0 ConcurrentGCThread "G1 Conc#2" [stack: 0x0000004e57e00000,0x0000004e57f00000] [id=6684]
  0x00000241e7f66530 ConcurrentGCThread "G1 Refine#0" [stack: 0x0000004e55b00000,0x0000004e55c00000] [id=20664]
  0x00000241ed4354b0 ConcurrentGCThread "G1 Refine#1" [stack: 0x0000004e57900000,0x0000004e57a00000] [id=28128]
  0x00000241e7f68c20 ConcurrentGCThread "G1 Service" [stack: 0x0000004e55c00000,0x0000004e55d00000] [id=34848]

Threads with active compile tasks:

VM state: at safepoint (normal execution)

VM Mutex/Monitor currently owned by a thread:  ([mutex/lock_event])
[0x00000241da415660] Threads_lock - owner thread: 0x00000241e8116770
[0x00000241da426320] Heap_lock - owner thread: 0x00000241da428240

Heap address: 0x000000008a400000, size: 1884 MB, Compressed Oops mode: 32-bit

CDS archive(s) not mapped
Compressed class space mapped at: 0x0000000100000000-0x0000000140000000, reserved size: 1073741824
Narrow klass base: 0x0000000000000000, Narrow klass shift: 3, Narrow klass range: 0x140000000

GC Precious Log:
 CPUs: 12 total, 12 available
 Memory: 7528M
 Large Page Support: Disabled
 NUMA Support: Disabled
 Compressed Oops: Enabled (32-bit)
 Heap Region Size: 1M
 Heap Min Capacity: 8M
 Heap Initial Capacity: 118M
 Heap Max Capacity: 1884M
 Pre-touch: Disabled
 Parallel Workers: 10
 Concurrent Workers: 3
 Concurrent Refinement Workers: 10
 Periodic GC: Disabled

Heap:
 garbage-first heap   total 66560K, used 33439K [0x000000008a400000, 0x0000000100000000)
  region size 1024K, 2 young (2048K), 2 survivors (2048K)
 Metaspace       used 75947K, committed 76544K, reserved 1179648K
  class space    used 10641K, committed 10944K, reserved 1048576K

Heap Regions: E=young(eden), S=young(survivor), O=old, HS=humongous(starts), HC=humongous(continues), CS=collection set, F=free, OA=open archive, CA=closed archive, TAMS=top-at-mark-start (previous, next)
|   0|0x000000008a400000, 0x000000008a500000, 0x000000008a500000|100%|HS|  |TAMS 0x000000008a500000, 0x000000008a500000| Complete 
|   1|0x000000008a500000, 0x000000008a600000, 0x000000008a600000|100%| O|  |TAMS 0x000000008a600000, 0x000000008a600000| Untracked 
|   2|0x000000008a600000, 0x000000008a700000, 0x000000008a700000|100%| O|  |TAMS 0x000000008a700000, 0x000000008a700000| Untracked 
|   3|0x000000008a700000, 0x000000008a800000, 0x000000008a800000|100%| O|  |TAMS 0x000000008a800000, 0x000000008a800000| Untracked 
|   4|0x000000008a800000, 0x000000008a900000, 0x000000008a900000|100%| O|  |TAMS 0x000000008a900000, 0x000000008a900000| Untracked 
|   5|0x000000008a900000, 0x000000008aa00000, 0x000000008aa00000|100%| O|  |TAMS 0x000000008aa00000, 0x000000008aa00000| Untracked 
|   6|0x000000008aa00000, 0x000000008ab00000, 0x000000008ab00000|100%| O|  |TAMS 0x000000008ab00000, 0x000000008ab00000| Untracked 
|   7|0x000000008ab00000, 0x000000008ac00000, 0x000000008ac00000|100%| O|  |TAMS 0x000000008ac00000, 0x000000008ac00000| Untracked 
|   8|0x000000008ac00000, 0x000000008ad00000, 0x000000008ad00000|100%| O|  |TAMS 0x000000008ad00000, 0x000000008ad00000| Untracked 
|   9|0x000000008ad00000, 0x000000008ae00000, 0x000000008ae00000|100%| O|  |TAMS 0x000000008ae00000, 0x000000008ae00000| Untracked 
|  10|0x000000008ae00000, 0x000000008af00000, 0x000000008af00000|100%| O|  |TAMS 0x000000008af00000, 0x000000008af00000| Untracked 
|  11|0x000000008af00000, 0x000000008b000000, 0x000000008b000000|100%| O|  |TAMS 0x000000008b000000, 0x000000008b000000| Untracked 
|  12|0x000000008b000000, 0x000000008b100000, 0x000000008b100000|100%| O|  |TAMS 0x000000008b100000, 0x000000008b100000| Untracked 
|  13|0x000000008b100000, 0x000000008b200000, 0x000000008b200000|100%| O|  |TAMS 0x000000008b200000, 0x000000008b200000| Untracked 
|  14|0x000000008b200000, 0x000000008b300000, 0x000000008b300000|100%| O|  |TAMS 0x000000008b300000, 0x000000008b300000| Untracked 
|  15|0x000000008b300000, 0x000000008b400000, 0x000000008b400000|100%| O|  |TAMS 0x000000008b400000, 0x000000008b400000| Untracked 
|  16|0x000000008b400000, 0x000000008b500000, 0x000000008b500000|100%| O|  |TAMS 0x000000008b500000, 0x000000008b500000| Untracked 
|  17|0x000000008b500000, 0x000000008b600000, 0x000000008b600000|100%| O|  |TAMS 0x000000008b600000, 0x000000008b600000| Untracked 
|  18|0x000000008b600000, 0x000000008b700000, 0x000000008b700000|100%| O|  |TAMS 0x000000008b700000, 0x000000008b700000| Untracked 
|  19|0x000000008b700000, 0x000000008b800000, 0x000000008b800000|100%| O|  |TAMS 0x000000008b800000, 0x000000008b800000| Untracked 
|  20|0x000000008b800000, 0x000000008b900000, 0x000000008b900000|100%| O|  |TAMS 0x000000008b900000, 0x000000008b900000| Untracked 
|  21|0x000000008b900000, 0x000000008ba00000, 0x000000008ba00000|100%| O|  |TAMS 0x000000008ba00000, 0x000000008ba00000| Untracked 
|  22|0x000000008ba00000, 0x000000008bb00000, 0x000000008bb00000|100%| O|  |TAMS 0x000000008bb00000, 0x000000008bb00000| Untracked 
|  23|0x000000008bb00000, 0x000000008bc00000, 0x000000008bc00000|100%| O|  |TAMS 0x000000008bc00000, 0x000000008bc00000| Untracked 
|  24|0x000000008bc00000, 0x000000008bd00000, 0x000000008bd00000|100%| O|  |TAMS 0x000000008bc69a00, 0x000000008bd00000| Untracked 
|  25|0x000000008bd00000, 0x000000008be00000, 0x000000008be00000|100%| O|  |TAMS 0x000000008bd00000, 0x000000008be00000| Untracked 
|  26|0x000000008be00000, 0x000000008bf00000, 0x000000008bf00000|100%| O|  |TAMS 0x000000008be00000, 0x000000008bf00000| Untracked 
|  27|0x000000008bf00000, 0x000000008c000000, 0x000000008c000000|100%| O|  |TAMS 0x000000008bf00000, 0x000000008c000000| Untracked 
|  28|0x000000008c000000, 0x000000008c100000, 0x000000008c100000|100%| O|  |TAMS 0x000000008c000000, 0x000000008c100000| Untracked 
|  29|0x000000008c100000, 0x000000008c200000, 0x000000008c200000|100%| O|  |TAMS 0x000000008c100000, 0x000000008c1c2200| Untracked 
|  30|0x000000008c200000, 0x000000008c2ad800, 0x000000008c300000| 67%| O|  |TAMS 0x000000008c200000, 0x000000008c200000| Untracked 
|  31|0x000000008c300000, 0x000000008c300000, 0x000000008c400000|  0%| F|  |TAMS 0x000000008c300000, 0x000000008c300000| Untracked 
|  32|0x000000008c400000, 0x000000008c400000, 0x000000008c500000|  0%| F|  |TAMS 0x000000008c400000, 0x000000008c400000| Untracked 
|  33|0x000000008c500000, 0x000000008c500000, 0x000000008c600000|  0%| F|  |TAMS 0x000000008c500000, 0x000000008c500000| Untracked 
|  34|0x000000008c600000, 0x000000008c600000, 0x000000008c700000|  0%| F|  |TAMS 0x000000008c600000, 0x000000008c600000| Untracked 
|  35|0x000000008c700000, 0x000000008c700000, 0x000000008c800000|  0%| F|  |TAMS 0x000000008c700000, 0x000000008c700000| Untracked 
|  36|0x000000008c800000, 0x000000008c800000, 0x000000008c900000|  0%| F|  |TAMS 0x000000008c800000, 0x000000008c800000| Untracked 
|  37|0x000000008c900000, 0x000000008c900000, 0x000000008ca00000|  0%| F|  |TAMS 0x000000008c900000, 0x000000008c900000| Untracked 
|  38|0x000000008ca00000, 0x000000008ca00000, 0x000000008cb00000|  0%| F|  |TAMS 0x000000008ca00000, 0x000000008ca00000| Untracked 
|  39|0x000000008cb00000, 0x000000008cb00000, 0x000000008cc00000|  0%| F|  |TAMS 0x000000008cb00000, 0x000000008cb00000| Untracked 
|  40|0x000000008cc00000, 0x000000008cc00000, 0x000000008cd00000|  0%| F|  |TAMS 0x000000008cc00000, 0x000000008cc00000| Untracked 
|  41|0x000000008cd00000, 0x000000008cd00000, 0x000000008ce00000|  0%| F|  |TAMS 0x000000008cd00000, 0x000000008cd00000| Untracked 
|  42|0x000000008ce00000, 0x000000008cefa430, 0x000000008cf00000| 97%| S|CS|TAMS 0x000000008ce00000, 0x000000008ce00000| Complete 
|  43|0x000000008cf00000, 0x000000008d000000, 0x000000008d000000|100%| S|CS|TAMS 0x000000008cf00000, 0x000000008cf00000| Complete 
|  44|0x000000008d000000, 0x000000008d000000, 0x000000008d100000|  0%| F|  |TAMS 0x000000008d000000, 0x000000008d000000| Untracked 
|  45|0x000000008d100000, 0x000000008d100000, 0x000000008d200000|  0%| F|  |TAMS 0x000000008d100000, 0x000000008d100000| Untracked 
|  46|0x000000008d200000, 0x000000008d200000, 0x000000008d300000|  0%| F|  |TAMS 0x000000008d200000, 0x000000008d200000| Untracked 
|  47|0x000000008d300000, 0x000000008d300000, 0x000000008d400000|  0%| F|  |TAMS 0x000000008d300000, 0x000000008d300000| Untracked 
|  48|0x000000008d400000, 0x000000008d400000, 0x000000008d500000|  0%| F|  |TAMS 0x000000008d400000, 0x000000008d400000| Untracked 
|  49|0x000000008d500000, 0x000000008d500000, 0x000000008d600000|  0%| F|  |TAMS 0x000000008d500000, 0x000000008d500000| Untracked 
|  50|0x000000008d600000, 0x000000008d600000, 0x000000008d700000|  0%| F|  |TAMS 0x000000008d600000, 0x000000008d600000| Untracked 
|  51|0x000000008d700000, 0x000000008d700000, 0x000000008d800000|  0%| F|  |TAMS 0x000000008d700000, 0x000000008d700000| Untracked 
|  52|0x000000008d800000, 0x000000008d800000, 0x000000008d900000|  0%| F|  |TAMS 0x000000008d800000, 0x000000008d800000| Untracked 
|  53|0x000000008d900000, 0x000000008d900000, 0x000000008da00000|  0%| F|  |TAMS 0x000000008d900000, 0x000000008d900000| Untracked 
|  54|0x000000008da00000, 0x000000008da00000, 0x000000008db00000|  0%| F|  |TAMS 0x000000008da00000, 0x000000008da00000| Untracked 
|  55|0x000000008db00000, 0x000000008db00000, 0x000000008dc00000|  0%| F|  |TAMS 0x000000008db00000, 0x000000008db00000| Untracked 
|  56|0x000000008dc00000, 0x000000008dc00000, 0x000000008dd00000|  0%| F|  |TAMS 0x000000008dc00000, 0x000000008dc00000| Untracked 
|  57|0x000000008dd00000, 0x000000008dd00000, 0x000000008de00000|  0%| F|  |TAMS 0x000000008dd00000, 0x000000008dd00000| Untracked 
|  58|0x000000008de00000, 0x000000008de00000, 0x000000008df00000|  0%| F|  |TAMS 0x000000008de00000, 0x000000008de00000| Untracked 
|  59|0x000000008df00000, 0x000000008df00000, 0x000000008e000000|  0%| F|  |TAMS 0x000000008df00000, 0x000000008df00000| Untracked 
|  60|0x000000008e000000, 0x000000008e000000, 0x000000008e100000|  0%| F|  |TAMS 0x000000008e000000, 0x000000008e000000| Untracked 
|  61|0x000000008e100000, 0x000000008e100000, 0x000000008e200000|  0%| F|  |TAMS 0x000000008e100000, 0x000000008e100000| Untracked 
| 115|0x0000000091700000, 0x0000000091700000, 0x0000000091800000|  0%| F|  |TAMS 0x0000000091700000, 0x0000000091700000| Untracked 
| 116|0x0000000091800000, 0x0000000091800000, 0x0000000091900000|  0%| F|  |TAMS 0x0000000091800000, 0x0000000091800000| Untracked 
| 117|0x0000000091900000, 0x0000000091900000, 0x0000000091a00000|  0%| F|  |TAMS 0x0000000091900000, 0x0000000091900000| Untracked 

Card table byte_map: [0x00000241e11c0000,0x00000241e1570000] _byte_map_base: 0x00000241e0d6e000

Marking Bits (Prev, Next): (CMBitMap*) 0x00000241da4814a0, (CMBitMap*) 0x00000241da4814e0
 Prev Bits: [0x00000241e1920000, 0x00000241e3690000)
 Next Bits: [0x00000241e3690000, 0x00000241e5400000)

Polling page: 0x00000241d8600000

Metaspace:

Usage:
  Non-class:     63.78 MB used.
      Class:     10.39 MB used.
       Both:     74.17 MB used.

Virtual space:
  Non-class space:      128.00 MB reserved,      64.06 MB ( 50%) committed,  2 nodes.
      Class space:        1.00 GB reserved,      10.69 MB (  1%) committed,  1 nodes.
             Both:        1.12 GB reserved,      74.75 MB (  6%) committed. 

Chunk freelists:
   Non-Class:  15.64 MB
       Class:  5.35 MB
        Both:  21.00 MB

MaxMetaspaceSize: unlimited
CompressedClassSpaceSize: 1.00 GB
Initial GC threshold: 21.00 MB
Current GC threshold: 109.50 MB
CDS: off
MetaspaceReclaimPolicy: balanced
 - commit_granule_bytes: 65536.
 - commit_granule_words: 8192.
 - virtual_space_node_default_size: 8388608.
 - enlarge_chunks_in_place: 1.
 - new_chunks_are_fully_committed: 0.
 - uncommit_free_chunks: 1.
 - use_allocation_guard: 0.
 - handle_deallocations: 1.


Internal statistics:

num_allocs_failed_limit: 9.
num_arena_births: 812.
num_arena_deaths: 2.
num_vsnodes_births: 3.
num_vsnodes_deaths: 0.
num_space_committed: 1196.
num_space_uncommitted: 0.
num_chunks_returned_to_freelist: 12.
num_chunks_taken_from_freelist: 3156.
num_chunk_merges: 9.
num_chunk_splits: 2302.
num_chunks_enlarged: 1800.
num_inconsistent_stats: 0.

CodeCache: size=49152Kb used=12637Kb max_used=12637Kb free=36514Kb
 bounds [0x00000241ddae0000, 0x00000241de740000, 0x00000241e0ae0000]
 total_blobs=7066 nmethods=6370 adapters=619
 compilation: enabled
              stopped_count=0, restarted_count=0
 full_count=0

Compilation events (20 events):
Event: 8.961 Thread 0x00000241e81706a0 nmethod 6362 0x00000241de732810 code [0x00000241de7329a0, 0x00000241de732a98]
Event: 8.962 Thread 0x00000241ed8eb960 nmethod 6361 0x00000241de732b90 code [0x00000241de732d40, 0x00000241de732f48]
Event: 8.962 Thread 0x00000241ed5977a0 6363   !   1       org.antlr.v4.runtime.atn.ParserATNSimulator::addDFAState (103 bytes)
Event: 8.962 Thread 0x00000241e8308010 6364       1       org.antlr.v4.runtime.Parser::match (90 bytes)
Event: 8.962 Thread 0x00000241ed5977a0 nmethod 6363 0x00000241de733110 code [0x00000241de733300, 0x00000241de7336b8]
Event: 8.962 Thread 0x00000241e8308010 nmethod 6364 0x00000241de733990 code [0x00000241de733ba0, 0x00000241de7340f8]
Event: 8.976 Thread 0x00000241e8308010 6365       1       org.antlr.v4.runtime.atn.PredictionMode::hasConflictingAltSet (41 bytes)
Event: 8.976 Thread 0x00000241e8308010 nmethod 6365 0x00000241de734410 code [0x00000241de7345e0, 0x00000241de734818]
Event: 8.979 Thread 0x00000241e8308010 6366       1       java.util.ArrayList::equalsArrayList (108 bytes)
Event: 8.979 Thread 0x00000241e8308010 nmethod 6366 0x00000241de734a10 code [0x00000241de734be0, 0x00000241de734f68]
Event: 9.000 Thread 0x00000241e8308010 6367       1       org.antlr.v4.runtime.atn.EmptyPredictionContext::getReturnState (5 bytes)
Event: 9.000 Thread 0x00000241e8308010 nmethod 6367 0x00000241de735190 code [0x00000241de735320, 0x00000241de7353f8]
Event: 9.003 Thread 0x00000241ed8eb960 6368       1       org.antlr.v4.runtime.misc.FlexibleHashMap::createEntryListArray (7 bytes)
Event: 9.003 Thread 0x00000241ed8eb960 nmethod 6368 0x00000241de735490 code [0x00000241de735620, 0x00000241de735758]
Event: 9.004 Thread 0x00000241ed8eb960 6369       1       org.antlr.v4.runtime.atn.ParserATNSimulator::computeTargetState (200 bytes)
Event: 9.004 Thread 0x00000241e8308010 6370   !   1       org.antlr.v4.runtime.atn.ParserATNSimulator::addDFAEdge (96 bytes)
Event: 9.004 Thread 0x00000241e81706a0 6371   !   1       java.util.ArrayList$ListItr::add (54 bytes)
Event: 9.005 Thread 0x00000241e81706a0 nmethod 6371 0x00000241de735810 code [0x00000241de7359e0, 0x00000241de735c68]
Event: 9.005 Thread 0x00000241e8308010 nmethod 6370 0x00000241de735e90 code [0x00000241de736060, 0x00000241de7364c8]
Event: 9.005 Thread 0x00000241ed8eb960 nmethod 6369 0x00000241de736790 code [0x00000241de7369e0, 0x00000241de737058]

GC Heap History (20 events):
Event: 5.545 GC heap after
{Heap after GC invocations=14 (full 0):
 garbage-first heap   total 55296K, used 21504K [0x000000008a400000, 0x0000000100000000)
  region size 1024K, 3 young (3072K), 3 survivors (3072K)
 Metaspace       used 45331K, committed 45824K, reserved 1114112K
  class space    used 5991K, committed 6208K, reserved 1048576K
}
Event: 6.230 GC heap before
{Heap before GC invocations=14 (full 0):
 garbage-first heap   total 55296K, used 41984K [0x000000008a400000, 0x0000000100000000)
  region size 1024K, 23 young (23552K), 3 survivors (3072K)
 Metaspace       used 53376K, committed 53824K, reserved 1114112K
  class space    used 7009K, committed 7232K, reserved 1048576K
}
Event: 6.236 GC heap after
{Heap after GC invocations=15 (full 0):
 garbage-first heap   total 55296K, used 23724K [0x000000008a400000, 0x0000000100000000)
  region size 1024K, 3 young (3072K), 3 survivors (3072K)
 Metaspace       used 53376K, committed 53824K, reserved 1114112K
  class space    used 7009K, committed 7232K, reserved 1048576K
}
Event: 6.621 GC heap before
{Heap before GC invocations=15 (full 0):
 garbage-first heap   total 55296K, used 41132K [0x000000008a400000, 0x0000000100000000)
  region size 1024K, 21 young (21504K), 3 survivors (3072K)
 Metaspace       used 56523K, committed 57024K, reserved 1114112K
  class space    used 7435K, committed 7680K, reserved 1048576K
}
Event: 6.626 GC heap after
{Heap after GC invocations=16 (full 0):
 garbage-first heap   total 55296K, used 25273K [0x000000008a400000, 0x0000000100000000)
  region size 1024K, 2 young (2048K), 2 survivors (2048K)
 Metaspace       used 56523K, committed 57024K, reserved 1114112K
  class space    used 7435K, committed 7680K, reserved 1048576K
}
Event: 6.924 GC heap before
{Heap before GC invocations=16 (full 0):
 garbage-first heap   total 55296K, used 37561K [0x000000008a400000, 0x0000000100000000)
  region size 1024K, 15 young (15360K), 2 survivors (2048K)
 Metaspace       used 59850K, committed 60288K, reserved 1114112K
  class space    used 7938K, committed 8128K, reserved 1048576K
}
Event: 6.927 GC heap after
{Heap after GC invocations=17 (full 0):
 garbage-first heap   total 55296K, used 25631K [0x000000008a400000, 0x0000000100000000)
  region size 1024K, 2 young (2048K), 2 survivors (2048K)
 Metaspace       used 59850K, committed 60288K, reserved 1114112K
  class space    used 7938K, committed 8128K, reserved 1048576K
}
Event: 7.338 GC heap before
{Heap before GC invocations=18 (full 0):
 garbage-first heap   total 55296K, used 43039K [0x000000008a400000, 0x0000000100000000)
  region size 1024K, 20 young (20480K), 2 survivors (2048K)
 Metaspace       used 63796K, committed 64256K, reserved 1114112K
  class space    used 8671K, committed 8896K, reserved 1048576K
}
Event: 7.341 GC heap after
{Heap after GC invocations=19 (full 0):
 garbage-first heap   total 55296K, used 26304K [0x000000008a400000, 0x0000000100000000)
  region size 1024K, 2 young (2048K), 2 survivors (2048K)
 Metaspace       used 63796K, committed 64256K, reserved 1114112K
  class space    used 8671K, committed 8896K, reserved 1048576K
}
Event: 7.649 GC heap before
{Heap before GC invocations=19 (full 0):
 garbage-first heap   total 55296K, used 42688K [0x000000008a400000, 0x0000000100000000)
  region size 1024K, 19 young (19456K), 2 survivors (2048K)
 Metaspace       used 66663K, committed 67200K, reserved 1114112K
  class space    used 9109K, committed 9344K, reserved 1048576K
}
Event: 7.653 GC heap after
{Heap after GC invocations=20 (full 0):
 garbage-first heap   total 55296K, used 26888K [0x000000008a400000, 0x0000000100000000)
  region size 1024K, 2 young (2048K), 2 survivors (2048K)
 Metaspace       used 66663K, committed 67200K, reserved 1114112K
  class space    used 9109K, committed 9344K, reserved 1048576K
}
Event: 8.172 GC heap before
{Heap before GC invocations=21 (full 0):
 garbage-first heap   total 55296K, used 43272K [0x000000008a400000, 0x0000000100000000)
  region size 1024K, 19 young (19456K), 2 survivors (2048K)
 Metaspace       used 69571K, committed 70144K, reserved 1114112K
  class space    used 9516K, committed 9728K, reserved 1048576K
}
Event: 8.178 GC heap after
{Heap after GC invocations=22 (full 0):
 garbage-first heap   total 66560K, used 28427K [0x000000008a400000, 0x0000000100000000)
  region size 1024K, 3 young (3072K), 3 survivors (3072K)
 Metaspace       used 69571K, committed 70144K, reserved 1114112K
  class space    used 9516K, committed 9728K, reserved 1048576K
}
Event: 8.549 GC heap before
{Heap before GC invocations=22 (full 0):
 garbage-first heap   total 66560K, used 54027K [0x000000008a400000, 0x0000000100000000)
  region size 1024K, 28 young (28672K), 3 survivors (3072K)
 Metaspace       used 73357K, committed 73920K, reserved 1114112K
  class space    used 10277K, committed 10560K, reserved 1048576K
}
Event: 8.555 GC heap after
{Heap after GC invocations=23 (full 0):
 garbage-first heap   total 66560K, used 30515K [0x000000008a400000, 0x0000000100000000)
  region size 1024K, 4 young (4096K), 4 survivors (4096K)
 Metaspace       used 73357K, committed 73920K, reserved 1114112K
  class space    used 10277K, committed 10560K, reserved 1048576K
}
Event: 8.721 GC heap before
{Heap before GC invocations=23 (full 0):
 garbage-first heap   total 66560K, used 52019K [0x000000008a400000, 0x0000000100000000)
  region size 1024K, 26 young (26624K), 4 survivors (4096K)
 Metaspace       used 75160K, committed 75776K, reserved 1114112K
  class space    used 10529K, committed 10816K, reserved 1048576K
}
Event: 8.725 GC heap after
{Heap after GC invocations=24 (full 0):
 garbage-first heap   total 66560K, used 31459K [0x000000008a400000, 0x0000000100000000)
  region size 1024K, 3 young (3072K), 3 survivors (3072K)
 Metaspace       used 75160K, committed 75776K, reserved 1114112K
  class space    used 10529K, committed 10816K, reserved 1048576K
}
Event: 8.944 GC heap before
{Heap before GC invocations=24 (full 0):
 garbage-first heap   total 66560K, used 53987K [0x000000008a400000, 0x0000000100000000)
  region size 1024K, 25 young (25600K), 3 survivors (3072K)
 Metaspace       used 75913K, committed 76544K, reserved 1179648K
  class space    used 10633K, committed 10944K, reserved 1048576K
}
Event: 8.948 GC heap after
{Heap after GC invocations=25 (full 0):
 garbage-first heap   total 66560K, used 32643K [0x000000008a400000, 0x0000000100000000)
  region size 1024K, 3 young (3072K), 3 survivors (3072K)
 Metaspace       used 75913K, committed 76544K, reserved 1179648K
  class space    used 10633K, committed 10944K, reserved 1048576K
}
Event: 9.007 GC heap before
{Heap before GC invocations=25 (full 0):
 garbage-first heap   total 66560K, used 54147K [0x000000008a400000, 0x0000000100000000)
  region size 1024K, 24 young (24576K), 3 survivors (3072K)
 Metaspace       used 75947K, committed 76544K, reserved 1179648K
  class space    used 10641K, committed 10944K, reserved 1048576K
}

Dll operation events (10 events):
Event: 0.013 Loaded shared library D:\sts-4.21.1.RELEASE\plugins\org.eclipse.justj.openjdk.hotspot.jre.full.win32.x86_64_17.0.10.v20240120-1143\jre\bin\java.dll
Event: 0.350 Loaded shared library D:\sts-4.21.1.RELEASE\plugins\org.eclipse.justj.openjdk.hotspot.jre.full.win32.x86_64_17.0.10.v20240120-1143\jre\bin\jimage.dll
Event: 0.382 Loaded shared library D:\sts-4.21.1.RELEASE\plugins\org.eclipse.justj.openjdk.hotspot.jre.full.win32.x86_64_17.0.10.v20240120-1143\jre\bin\net.dll
Event: 0.384 Loaded shared library D:\sts-4.21.1.RELEASE\plugins\org.eclipse.justj.openjdk.hotspot.jre.full.win32.x86_64_17.0.10.v20240120-1143\jre\bin\nio.dll
Event: 0.391 Loaded shared library D:\sts-4.21.1.RELEASE\plugins\org.eclipse.justj.openjdk.hotspot.jre.full.win32.x86_64_17.0.10.v20240120-1143\jre\bin\zip.dll
Event: 0.504 Loaded shared library D:\sts-4.21.1.RELEASE\plugins\org.eclipse.justj.openjdk.hotspot.jre.full.win32.x86_64_17.0.10.v20240120-1143\jre\bin\management.dll
Event: 0.534 Loaded shared library D:\sts-4.21.1.RELEASE\plugins\org.eclipse.justj.openjdk.hotspot.jre.full.win32.x86_64_17.0.10.v20240120-1143\jre\bin\management_ext.dll
Event: 0.971 Loaded shared library D:\sts-4.21.1.RELEASE\plugins\org.eclipse.justj.openjdk.hotspot.jre.full.win32.x86_64_17.0.10.v20240120-1143\jre\bin\extnet.dll
Event: 4.674 Loaded shared library D:\sts-4.21.1.RELEASE\plugins\org.eclipse.justj.openjdk.hotspot.jre.full.win32.x86_64_17.0.10.v20240120-1143\jre\bin\sunmscapi.dll
Event: 5.373 Loaded shared library D:\sts-4.21.1.RELEASE\plugins\org.eclipse.justj.openjdk.hotspot.jre.full.win32.x86_64_17.0.10.v20240120-1143\jre\bin\verify.dll

Deoptimization events (6 events):
Event: 8.150 Thread 0x00000241da428240 DEOPT PACKING pc=0x00000241de00d114 sp=0x0000004e557fc6e0
Event: 8.150 Thread 0x00000241da428240 DEOPT UNPACKING pc=0x00000241ddb37143 sp=0x0000004e557fbc38 mode 0
Event: 8.761 Thread 0x00000241da428240 DEOPT PACKING pc=0x00000241de039042 sp=0x0000004e557fd470
Event: 8.761 Thread 0x00000241da428240 DEOPT UNPACKING pc=0x00000241ddb37143 sp=0x0000004e557fc978 mode 3
Event: 8.761 Thread 0x00000241da428240 DEOPT PACKING pc=0x00000241de012035 sp=0x0000004e557fd430
Event: 8.761 Thread 0x00000241da428240 DEOPT UNPACKING pc=0x00000241ddb37143 sp=0x0000004e557fc978 mode 3

Classes unloaded (1 events):
Event: 2.251 Thread 0x00000241e8116770 Unloading class 0x0000000100144400 'java/lang/invoke/LambdaForm$MH+0x0000000100144400'

Classes redefined (0 events):
No events

Internal exceptions (20 events):
Event: 7.849 Thread 0x00000241e8ac0a80 Exception <a 'java/lang/reflect/InvocationTargetException'{0x000000008d6570a0}> (0x000000008d6570a0) 
thrown [s\src\hotspot\share\runtime\reflection.cpp, line 1121]
Event: 7.906 Thread 0x00000241da428240 Exception <a 'java/lang/NoSuchMethodError'{0x000000008d6940e0}: 'java.lang.Object java.lang.invoke.DirectMethodHandle$Holder.invokeSpecial(java.lang.Object, java.lang.Object, int, java.lang.Object, int)'> (0x000000008d6940e0) 
thrown [s\src\hotspot\share\interpreter\linkResolver.cpp, line 759]
Event: 8.032 Thread 0x00000241da428240 Exception <a 'java/lang/IncompatibleClassChangeError'{0x000000008d01b258}: Found class java.lang.Object, but interface was expected> (0x000000008d01b258) 
thrown [s\src\hotspot\share\interpreter\linkResolver.cpp, line 826]
Event: 8.041 Thread 0x00000241da428240 Exception <a 'java/lang/IncompatibleClassChangeError'{0x000000008d0aeaf0}: Found class java.lang.Object, but interface was expected> (0x000000008d0aeaf0) 
thrown [s\src\hotspot\share\interpreter\linkResolver.cpp, line 826]
Event: 8.073 Thread 0x00000241da428240 Exception <a 'java/lang/IncompatibleClassChangeError'{0x000000008ce55350}: Found class java.lang.Object, but interface was expected> (0x000000008ce55350) 
thrown [s\src\hotspot\share\interpreter\linkResolver.cpp, line 826]
Event: 8.196 Thread 0x00000241da428240 Exception <a 'java/lang/IncompatibleClassChangeError'{0x00000000919dace0}: Found class java.lang.Object, but interface was expected> (0x00000000919dace0) 
thrown [s\src\hotspot\share\interpreter\linkResolver.cpp, line 826]
Event: 8.351 Thread 0x00000241e8ac0a80 Exception <a 'java/lang/reflect/InvocationTargetException'{0x000000008d880290}> (0x000000008d880290) 
thrown [s\src\hotspot\share\runtime\reflection.cpp, line 1121]
Event: 8.457 Thread 0x00000241da428240 Exception <a 'java/lang/reflect/InvocationTargetException'{0x000000008d1e1e30}> (0x000000008d1e1e30) 
thrown [s\src\hotspot\share\runtime\reflection.cpp, line 1121]
Event: 8.672 Thread 0x00000241da428240 Exception <a 'java/lang/reflect/InvocationTargetException'{0x000000008d527600}> (0x000000008d527600) 
thrown [s\src\hotspot\share\runtime\reflection.cpp, line 1121]
Event: 8.684 Thread 0x00000241da428240 Exception <a 'java/lang/reflect/InvocationTargetException'{0x000000008d4b8730}> (0x000000008d4b8730) 
thrown [s\src\hotspot\share\runtime\reflection.cpp, line 1121]
Event: 8.706 Thread 0x00000241da428240 Exception <a 'java/lang/reflect/InvocationTargetException'{0x000000008cf80160}> (0x000000008cf80160) 
thrown [s\src\hotspot\share\runtime\reflection.cpp, line 1121]
Event: 8.709 Thread 0x00000241da428240 Exception <a 'java/lang/reflect/InvocationTargetException'{0x000000008cf9a7a8}> (0x000000008cf9a7a8) 
thrown [s\src\hotspot\share\runtime\reflection.cpp, line 1121]
Event: 8.719 Thread 0x00000241da428240 Exception <a 'java/lang/NoSuchMethodError'{0x000000008cff48b8}: 'int java.lang.invoke.DirectMethodHandle$Holder.invokeStatic(java.lang.Object, java.lang.Object, int)'> (0x000000008cff48b8) 
thrown [s\src\hotspot\share\interpreter\linkResolver.cpp, line 759]
Event: 8.728 Thread 0x00000241da428240 Exception <a 'java/lang/NoSuchMethodError'{0x0000000091912438}: 'java.lang.Object java.lang.invoke.DirectMethodHandle$Holder.newInvokeSpecial(java.lang.Object, java.lang.Object, int)'> (0x0000000091912438) 
thrown [s\src\hotspot\share\interpreter\linkResolver.cpp, line 759]
Event: 8.732 Thread 0x00000241da428240 Exception <a 'java/lang/IncompatibleClassChangeError'{0x000000009193d7a8}: Found class java.lang.Object, but interface was expected> (0x000000009193d7a8) 
thrown [s\src\hotspot\share\interpreter\linkResolver.cpp, line 826]
Event: 8.741 Thread 0x00000241da428240 Exception <a 'java/lang/NoSuchMethodError'{0x00000000919bb7b0}: 'java.lang.Object java.lang.invoke.DirectMethodHandle$Holder.invokeStatic(java.lang.Object, int, java.lang.Object)'> (0x00000000919bb7b0) 
thrown [s\src\hotspot\share\interpreter\linkResolver.cpp, line 759]
Event: 8.791 Thread 0x00000241da428240 Exception <a 'sun/nio/fs/WindowsException'{0x000000008e034d28}> (0x000000008e034d28) 
thrown [s\src\hotspot\share\prims\jni.cpp, line 516]
Event: 8.855 Thread 0x00000241e8ac0a80 Exception <a 'java/lang/reflect/InvocationTargetException'{0x000000008db760f0}> (0x000000008db760f0) 
thrown [s\src\hotspot\share\runtime\reflection.cpp, line 1121]
Event: 8.929 Thread 0x00000241da428240 Exception <a 'java/lang/reflect/InvocationTargetException'{0x000000008d2513f8}> (0x000000008d2513f8) 
thrown [s\src\hotspot\share\runtime\reflection.cpp, line 1121]
Event: 8.958 Thread 0x00000241da428240 Exception <a 'java/lang/reflect/InvocationTargetException'{0x00000000919665b8}> (0x00000000919665b8) 
thrown [s\src\hotspot\share\runtime\reflection.cpp, line 1121]

VM Operations (20 events):
Event: 8.231 Executing VM operation: HandshakeAllThreads done
Event: 8.231 Executing VM operation: HandshakeAllThreads
Event: 8.231 Executing VM operation: HandshakeAllThreads done
Event: 8.315 Executing VM operation: HandshakeAllThreads
Event: 8.315 Executing VM operation: HandshakeAllThreads done
Event: 8.318 Executing VM operation: HandshakeAllThreads
Event: 8.319 Executing VM operation: HandshakeAllThreads done
Event: 8.426 Executing VM operation: HandshakeAllThreads
Event: 8.426 Executing VM operation: HandshakeAllThreads done
Event: 8.548 Executing VM operation: G1CollectForAllocation
Event: 8.555 Executing VM operation: G1CollectForAllocation done
Event: 8.643 Executing VM operation: HandshakeAllThreads
Event: 8.643 Executing VM operation: HandshakeAllThreads done
Event: 8.721 Executing VM operation: G1CollectForAllocation
Event: 8.725 Executing VM operation: G1CollectForAllocation done
Event: 8.761 Executing VM operation: HandshakeAllThreads
Event: 8.761 Executing VM operation: HandshakeAllThreads done
Event: 8.944 Executing VM operation: G1CollectForAllocation
Event: 8.948 Executing VM operation: G1CollectForAllocation done
Event: 9.007 Executing VM operation: G1CollectForAllocation

Events (20 events):
Event: 8.294 loading class java/util/EmptyStackException
Event: 8.294 loading class java/util/EmptyStackException done
Event: 8.303 loading class java/io/InvalidClassException
Event: 8.303 loading class java/io/InvalidClassException done
Event: 8.314 loading class java/util/ArrayList$ListItr
Event: 8.314 loading class java/util/ArrayList$ListItr done
Event: 8.715 loading class java/lang/Character$UnicodeBlock
Event: 8.717 loading class java/lang/Character$Subset
Event: 8.717 loading class java/lang/Character$Subset done
Event: 8.717 loading class java/lang/Character$UnicodeBlock done
Event: 8.809 loading class java/util/EnumMap$EntrySet
Event: 8.809 loading class java/util/EnumMap$EntrySet done
Event: 8.809 loading class java/util/EnumMap$EntryIterator
Event: 8.810 loading class java/util/EnumMap$EnumMapIterator
Event: 8.810 loading class java/util/EnumMap$EnumMapIterator done
Event: 8.810 loading class java/util/EnumMap$EntryIterator done
Event: 8.813 loading class java/lang/reflect/MalformedParametersException
Event: 8.813 loading class java/lang/reflect/MalformedParametersException done
Event: 8.955 loading class java/lang/invoke/MethodHandleImpl$CountingWrapper$1
Event: 8.955 loading class java/lang/invoke/MethodHandleImpl$CountingWrapper$1 done


Dynamic libraries:
0x00007ff7b73b0000 - 0x00007ff7b73be000 	D:\sts-4.21.1.RELEASE\plugins\org.eclipse.justj.openjdk.hotspot.jre.full.win32.x86_64_17.0.10.v20240120-1143\jre\bin\javaw.exe
0x00007ffb767a0000 - 0x00007ffb76a07000 	C:\WINDOWS\SYSTEM32\ntdll.dll
0x00007ffb759c0000 - 0x00007ffb75a89000 	C:\WINDOWS\System32\KERNEL32.DLL
0x00007ffb73a20000 - 0x00007ffb73e0f000 	C:\WINDOWS\System32\KERNELBASE.dll
0x00007ffb74330000 - 0x00007ffb7447b000 	C:\WINDOWS\System32\ucrtbase.dll
0x00007ffb66e90000 - 0x00007ffb66eab000 	D:\sts-4.21.1.RELEASE\plugins\org.eclipse.justj.openjdk.hotspot.jre.full.win32.x86_64_17.0.10.v20240120-1143\jre\bin\VCRUNTIME140.dll
0x00007ffb65ce0000 - 0x00007ffb65cf7000 	D:\sts-4.21.1.RELEASE\plugins\org.eclipse.justj.openjdk.hotspot.jre.full.win32.x86_64_17.0.10.v20240120-1143\jre\bin\jli.dll
0x00007ffb74540000 - 0x00007ffb74705000 	C:\WINDOWS\System32\USER32.dll
0x00007ffb74510000 - 0x00007ffb74537000 	C:\WINDOWS\System32\win32u.dll
0x00007ffb5fff0000 - 0x00007ffb60283000 	C:\WINDOWS\WinSxS\amd64_microsoft.windows.common-controls_6595b64144ccf1df_6.0.26100.7309_none_3e05feeae336a044\COMCTL32.dll
0x00007ffb76250000 - 0x00007ffb7627b000 	C:\WINDOWS\System32\GDI32.dll
0x00007ffb75f70000 - 0x00007ffb76019000 	C:\WINDOWS\System32\msvcrt.dll
0x00007ffb738f0000 - 0x00007ffb73a1c000 	C:\WINDOWS\System32\gdi32full.dll
0x00007ffb74280000 - 0x00007ffb74323000 	C:\WINDOWS\System32\msvcp_win.dll
0x00007ffb76440000 - 0x00007ffb76471000 	C:\WINDOWS\System32\IMM32.DLL
0x00007ffb661b0000 - 0x00007ffb661bc000 	D:\sts-4.21.1.RELEASE\plugins\org.eclipse.justj.openjdk.hotspot.jre.full.win32.x86_64_17.0.10.v20240120-1143\jre\bin\vcruntime140_1.dll
0x00007ffb56a20000 - 0x00007ffb56aad000 	D:\sts-4.21.1.RELEASE\plugins\org.eclipse.justj.openjdk.hotspot.jre.full.win32.x86_64_17.0.10.v20240120-1143\jre\bin\msvcp140.dll
0x00007ffb09170000 - 0x00007ffb09dd2000 	D:\sts-4.21.1.RELEASE\plugins\org.eclipse.justj.openjdk.hotspot.jre.full.win32.x86_64_17.0.10.v20240120-1143\jre\bin\server\jvm.dll
0x00007ffb75460000 - 0x00007ffb75514000 	C:\WINDOWS\System32\ADVAPI32.dll
0x00007ffb76490000 - 0x00007ffb76536000 	C:\WINDOWS\System32\sechost.dll
0x00007ffb75c70000 - 0x00007ffb75d88000 	C:\WINDOWS\System32\RPCRT4.dll
0x00007ffb66150000 - 0x00007ffb6615a000 	C:\WINDOWS\SYSTEM32\WSOCK32.dll
0x00007ffb73750000 - 0x00007ffb737ae000 	C:\WINDOWS\SYSTEM32\POWRPROF.dll
0x00007ffb6d7c0000 - 0x00007ffb6d7f5000 	C:\WINDOWS\SYSTEM32\WINMM.dll
0x00007ffb75df0000 - 0x00007ffb75e64000 	C:\WINDOWS\System32\WS2_32.dll
0x00007ffb6d7b0000 - 0x00007ffb6d7bb000 	C:\WINDOWS\SYSTEM32\VERSION.dll
0x00007ffb73730000 - 0x00007ffb73744000 	C:\WINDOWS\SYSTEM32\UMPDC.dll
0x00007ffb726a0000 - 0x00007ffb726bb000 	C:\WINDOWS\SYSTEM32\kernel.appcore.dll
0x00007ffb66140000 - 0x00007ffb6614a000 	D:\sts-4.21.1.RELEASE\plugins\org.eclipse.justj.openjdk.hotspot.jre.full.win32.x86_64_17.0.10.v20240120-1143\jre\bin\jimage.dll
0x00007ffb67d90000 - 0x00007ffb67fd2000 	C:\WINDOWS\SYSTEM32\DBGHELP.DLL
0x00007ffb74fd0000 - 0x00007ffb75355000 	C:\WINDOWS\System32\combase.dll
0x00007ffb75e90000 - 0x00007ffb75f66000 	C:\WINDOWS\System32\OLEAUT32.dll
0x00007ffb5e940000 - 0x00007ffb5e97c000 	C:\WINDOWS\SYSTEM32\dbgcore.DLL
0x00007ffb73e20000 - 0x00007ffb73ec5000 	C:\WINDOWS\System32\bcryptPrimitives.dll
0x00007ffb65390000 - 0x00007ffb653b5000 	D:\sts-4.21.1.RELEASE\plugins\org.eclipse.justj.openjdk.hotspot.jre.full.win32.x86_64_17.0.10.v20240120-1143\jre\bin\java.dll
0x00007ffb653d0000 - 0x00007ffb653e8000 	D:\sts-4.21.1.RELEASE\plugins\org.eclipse.justj.openjdk.hotspot.jre.full.win32.x86_64_17.0.10.v20240120-1143\jre\bin\zip.dll
0x00007ffb74720000 - 0x00007ffb74e73000 	C:\WINDOWS\System32\SHELL32.dll
0x00007ffb73ed0000 - 0x00007ffb7403a000 	C:\WINDOWS\System32\wintypes.dll
0x00007ffb714f0000 - 0x00007ffb71d4e000 	C:\WINDOWS\SYSTEM32\windows.storage.dll
0x00007ffb762d0000 - 0x00007ffb763c5000 	C:\WINDOWS\System32\SHCORE.dll
0x00007ffb763d0000 - 0x00007ffb76436000 	C:\WINDOWS\System32\shlwapi.dll
0x00007ffb73810000 - 0x00007ffb73839000 	C:\WINDOWS\SYSTEM32\profapi.dll
0x00007ffb63b30000 - 0x00007ffb63b49000 	D:\sts-4.21.1.RELEASE\plugins\org.eclipse.justj.openjdk.hotspot.jre.full.win32.x86_64_17.0.10.v20240120-1143\jre\bin\net.dll
0x00007ffb6b4f0000 - 0x00007ffb6b618000 	C:\WINDOWS\SYSTEM32\WINHTTP.dll
0x00007ffb72c10000 - 0x00007ffb72c7b000 	C:\WINDOWS\system32\mswsock.dll
0x00007ffb632c0000 - 0x00007ffb632d6000 	D:\sts-4.21.1.RELEASE\plugins\org.eclipse.justj.openjdk.hotspot.jre.full.win32.x86_64_17.0.10.v20240120-1143\jre\bin\nio.dll
0x00007ffb66110000 - 0x00007ffb66119000 	D:\sts-4.21.1.RELEASE\plugins\org.eclipse.justj.openjdk.hotspot.jre.full.win32.x86_64_17.0.10.v20240120-1143\jre\bin\management.dll
0x00007ffb65de0000 - 0x00007ffb65deb000 	D:\sts-4.21.1.RELEASE\plugins\org.eclipse.justj.openjdk.hotspot.jre.full.win32.x86_64_17.0.10.v20240120-1143\jre\bin\management_ext.dll
0x00007ffb74710000 - 0x00007ffb74718000 	C:\WINDOWS\System32\PSAPI.DLL
0x00007ffb4bcb0000 - 0x00007ffb4bcc8000 	C:\WINDOWS\system32\napinsp.dll
0x00007ffb720d0000 - 0x00007ffb721fc000 	C:\WINDOWS\SYSTEM32\DNSAPI.dll
0x00007ffb72090000 - 0x00007ffb720c4000 	C:\WINDOWS\SYSTEM32\IPHLPAPI.DLL
0x00007ffb76480000 - 0x00007ffb7648a000 	C:\WINDOWS\System32\NSI.dll
0x00007ffb4ba60000 - 0x00007ffb4ba72000 	C:\WINDOWS\System32\winrnr.dll
0x00007ffb4ba40000 - 0x00007ffb4ba56000 	C:\WINDOWS\system32\wshbth.dll
0x00007ffb4ba10000 - 0x00007ffb4ba32000 	C:\WINDOWS\system32\nlansp_c.dll
0x00007ffb6aa20000 - 0x00007ffb6aa2b000 	C:\Windows\System32\rasadhlp.dll
0x00007ffb6dd00000 - 0x00007ffb6dd86000 	C:\WINDOWS\System32\fwpuclnt.dll
0x00007ffb72ed0000 - 0x00007ffb72eeb000 	C:\WINDOWS\SYSTEM32\CRYPTSP.dll
0x00007ffb72600000 - 0x00007ffb7263a000 	C:\WINDOWS\system32\rsaenh.dll
0x00007ffb72cc0000 - 0x00007ffb72ceb000 	C:\WINDOWS\SYSTEM32\USERENV.dll
0x00007ffb737e0000 - 0x00007ffb7380a000 	C:\WINDOWS\SYSTEM32\bcrypt.dll
0x00007ffb72ef0000 - 0x00007ffb72efc000 	C:\WINDOWS\SYSTEM32\CRYPTBASE.dll
0x00007ffb6d700000 - 0x00007ffb6d71e000 	C:\WINDOWS\SYSTEM32\dhcpcsvc6.DLL
0x00007ffb6d6d0000 - 0x00007ffb6d6f3000 	C:\WINDOWS\SYSTEM32\dhcpcsvc.DLL
0x00007ffb62070000 - 0x00007ffb62079000 	D:\sts-4.21.1.RELEASE\plugins\org.eclipse.justj.openjdk.hotspot.jre.full.win32.x86_64_17.0.10.v20240120-1143\jre\bin\extnet.dll
0x00007ffb65380000 - 0x00007ffb6538e000 	D:\sts-4.21.1.RELEASE\plugins\org.eclipse.justj.openjdk.hotspot.jre.full.win32.x86_64_17.0.10.v20240120-1143\jre\bin\sunmscapi.dll
0x00007ffb74040000 - 0x00007ffb741b7000 	C:\WINDOWS\System32\CRYPT32.dll
0x00007ffb730f0000 - 0x00007ffb73120000 	C:\WINDOWS\SYSTEM32\ncrypt.dll
0x00007ffb730a0000 - 0x00007ffb730df000 	C:\WINDOWS\SYSTEM32\NTASN1.dll
0x00007ffb65bf0000 - 0x00007ffb65c00000 	D:\sts-4.21.1.RELEASE\plugins\org.eclipse.justj.openjdk.hotspot.jre.full.win32.x86_64_17.0.10.v20240120-1143\jre\bin\verify.dll

dbghelp: loaded successfully - version: 4.0.5 - missing functions: none
symbol engine: initialized successfully - sym options: 0x614 - pdb path: .;D:\sts-4.21.1.RELEASE\plugins\org.eclipse.justj.openjdk.hotspot.jre.full.win32.x86_64_17.0.10.v20240120-1143\jre\bin;C:\WINDOWS\SYSTEM32;C:\WINDOWS\WinSxS\amd64_microsoft.windows.common-controls_6595b64144ccf1df_6.0.26100.7309_none_3e05feeae336a044;D:\sts-4.21.1.RELEASE\plugins\org.eclipse.justj.openjdk.hotspot.jre.full.win32.x86_64_17.0.10.v20240120-1143\jre\bin\server

VM Arguments:
jvm_args: -Dcom.sun.management.jmxremote -Dcom.sun.management.jmxremote.port=64997 -Dcom.sun.management.jmxremote.authenticate=false -Dcom.sun.management.jmxremote.ssl=false -Djava.rmi.server.hostname=localhost -Dspring.jmx.enabled=true -Dmanagement.endpoints.jmx.exposure.include=* -Dspring.application.admin.enabled=true -XX:TieredStopAtLevel=1 -Dspring.boot.project.name=Java_CampusTrack_Intelligent_Lost_Found_Locator -Dfile.encoding=UTF-8 -Dstdout.encoding=UTF-8 -Dstderr.encoding=UTF-8 -XX:+ShowCodeDetailsInExceptionMessages 
java_command: com.campusTrack.JavaCampusTrackIntelligentLostFoundLocatorApplication --spring.output.ansi.enabled=always
java_class_path (initial): C:\Users\akhila\git\repository2\Java_CampusTrack_Intelligent_Lost_Found_Locator\target\classes;C:\Users\akhila\.m2\repository\org\springframework\boot\spring-boot-starter-data-jpa\3.1.9\spring-boot-starter-data-jpa-3.1.9.jar;C:\Users\akhila\.m2\repository\org\springframework\boot\spring-boot-starter-aop\3.1.9\spring-boot-starter-aop-3.1.9.jar;C:\Users\akhila\.m2\repository\org\aspectj\aspectjweaver\1.9.21\aspectjweaver-1.9.21.jar;C:\Users\akhila\.m2\repository\org\springframework\boot\spring-boot-starter-jdbc\3.1.9\spring-boot-starter-jdbc-3.1.9.jar;C:\Users\akhila\.m2\repository\com\zaxxer\HikariCP\5.0.1\HikariCP-5.0.1.jar;C:\Users\akhila\.m2\repository\org\springframework\spring-jdbc\6.0.17\spring-jdbc-6.0.17.jar;C:\Users\akhila\.m2\repository\org\hibernate\orm\hibernate-core\6.2.22.Final\hibernate-core-6.2.22.Final.jar;C:\Users\akhila\.m2\repository\jakarta\persistence\jakarta.persistence-api\3.1.0\jakarta.persistence-api-3.1.0.jar;C:\Users\akhila\.m2\repository\jakarta\transaction\jakarta.transaction-api\2.0.1\jakarta.transaction-api-2.0.1.jar;C:\Users\akhila\.m2\repository\org\jboss\logging\jboss-logging\3.5.3.Final\jboss-logging-3.5.3.Final.jar;C:\Users\akhila\.m2\repository\org\hibernate\common\hibernate-commons-annotations\6.0.6.Final\hibernate-commons-annotations-6.0.6.Final.jar;C:\Users\akhila\.m2\repository\io\smallrye\jandex\3.0.5\jandex-3.0.5.jar;C:\Users\akhila\.m2\repository\com\fasterxml\classmate\1.5.1\classmate-1.5.1.jar;C:\Users\akhila\.m2\repository\net\bytebuddy\byte-buddy\1.14.12\byte-buddy-1.14.12.jar;C:\Users\akhila\.m2\repository\org\glassfish\jaxb\jaxb-runtime\4.0.4\jaxb-runtime-4.0.4.jar;C:\Users\akhila\.m2\repository\org\glassfish\jaxb\jaxb-core\4.0.4\jaxb-core-4.0.4.jar;C:\Users\akhila\.m2\repository\org\eclipse\angus\angus-activation\2.0.1\angus-activation-2.0.1.jar;C:\Users\akhila\.m2\repository\org\glassfish\jaxb\txw2\4.0.4\txw2-4.0.4.jar;C:\Users\akhila\.m2\repository\com\sun\istack\istack-commons-runtime
Launcher Type: SUN_STANDARD

[Global flags]
     intx CICompilerCount                          = 4                                         {product} {ergonomic}
     uint ConcGCThreads                            = 3                                         {product} {ergonomic}
     uint G1ConcRefinementThreads                  = 10                                        {product} {ergonomic}
   size_t G1HeapRegionSize                         = 1048576                                   {product} {ergonomic}
    uintx GCDrainStackTargetSize                   = 64                                        {product} {ergonomic}
   size_t InitialHeapSize                          = 123731968                                 {product} {ergonomic}
     bool ManagementServer                         = true                                      {product} {command line}
   size_t MarkStackSize                            = 4194304                                   {product} {ergonomic}
   size_t MaxHeapSize                              = 1975517184                                {product} {ergonomic}
   size_t MaxNewSize                               = 1184890880                                {product} {ergonomic}
   size_t MinHeapDeltaBytes                        = 1048576                                   {product} {ergonomic}
   size_t MinHeapSize                              = 8388608                                   {product} {ergonomic}
    uintx NonProfiledCodeHeapSize                  = 0                                      {pd product} {ergonomic}
     bool ProfileInterpreter                       = false                                  {pd product} {command line}
    uintx ProfiledCodeHeapSize                     = 0                                      {pd product} {ergonomic}
     bool ShowCodeDetailsInExceptionMessages       = true                                   {manageable} {command line}
   size_t SoftMaxHeapSize                          = 1975517184                             {manageable} {ergonomic}
     intx TieredStopAtLevel                        = 1                                         {product} {command line}
     bool UseCompressedClassPointers               = true                           {product lp64_product} {ergonomic}
     bool UseCompressedOops                        = true                           {product lp64_product} {ergonomic}
     bool UseG1GC                                  = true                                      {product} {ergonomic}
     bool UseLargePagesIndividualAllocation        = false                                  {pd product} {ergonomic}

Logging:
Log output configuration:
 #0: stdout all=warning uptime,level,tags
 #1: stderr all=off uptime,level,tags

Environment Variables:
JAVA_HOME=C:\Program Files\Java\jdk-17
PATH=D:/sts-4.21.1.RELEASE//plugins/org.eclipse.justj.openjdk.hotspot.jre.full.win32.x86_64_17.0.10.v20240120-1143/jre/bin/server;D:/sts-4.21.1.RELEASE//plugins/org.eclipse.justj.openjdk.hotspot.jre.full.win32.x86_64_17.0.10.v20240120-1143/jre/bin;C:\Program Files\Common Files\Oracle\Java\javapath;C:\WINDOWS\system32;C:\WINDOWS;C:\WINDOWS\System32\Wbem;C:\WINDOWS\System32\WindowsPowerShell\v1.0\;C:\WINDOWS\System32\OpenSSH\;C:\Program Files\dotnet\;C:\Program Files\Java\jdk-17\bin;C:\Program Files\Git\cmd;C:\Program Files\MySQL\MySQL Server 8.0\bin;C:\Program Files\MySQL\MySQL Shell 8.0\bin;C:\Program Files (x86)\Windows Kits\8.1\Windows Performance Toolkit\;C:\Program Files\nodejs\;C:\Program Files\MySQL\MySQL Shell 8.0\bin\;C:\Users\akhila\AppData\Local\Microsoft\WindowsApps;C:\Users\akhila\AppData\Local\Programs\Microsoft VS Code\bin;C:\Users\akhila\AppData\Roaming\npm;D:\sts-4.21.1.RELEASE;
USERNAME=akhila
OS=Windows_NT
PROCESSOR_IDENTIFIER=AMD64 Family 23 Model 104 Stepping 1, AuthenticAMD
TMP=C:\Users\akhila\AppData\Local\Temp
TEMP=C:\Users\akhila\AppData\Local\Temp



Periodic native trim disabled


---------------  S Y S T E M  ---------------

OS:
 Windows 11 , 64 bit Build 26100 (10.0.26100.7309)
OS uptime: 15 days 4:57 hours
Hyper-V role detected

CPU: total 12 (initial active 12) (12 cores per cpu, 2 threads per core) family 23 model 104 stepping 1 microcode 0x8608109, cx8, cmov, fxsr, ht, mmx, 3dnowpref, sse, sse2, sse3, ssse3, sse4a, sse4.1, sse4.2, popcnt, lzcnt, tsc, tscinvbit, avx, avx2, aes, clmul, bmi1, bmi2, adx, sha, fma, vzeroupper, clflush, clflushopt, hv
Processor Information for all 12 processors :
  Max Mhz: 2100, Current Mhz: 2100, Mhz Limit: 2100

Memory: 4k page, system-wide physical 7528M (802M free)
TotalPageFile size 26278M (AvailPageFile size 19M)
current process WorkingSet (physical memory assigned to process): 223M, peak: 223M
current process commit charge ("private bytes"): 256M, peak: 269M

vm_info: OpenJDK 64-Bit Server VM (17.0.10+7) for windows-amd64 JRE (17.0.10+7), built on Jan 16 2024 23:25:11 by "admin" with MS VC++ 16.10 / 16.11 (VS2019)

END.
